TN:
SF:routes\AddRegisterScreen.js
FN:10,(anonymous_0)
FN:16,(anonymous_1)
FN:38,(anonymous_2)
FNF:3
FNH:2
FNDA:6,(anonymous_0)
FNDA:1,(anonymous_1)
FNDA:0,(anonymous_2)
DA:8,1
DA:10,1
DA:11,6
DA:12,6
DA:13,6
DA:14,6
DA:16,6
DA:20,6
DA:38,0
LF:9
LH:8
BRF:0
BRH:0
end_of_record
TN:
SF:routes\AddressScreen.js
FN:9,(anonymous_0)
FN:21,(anonymous_1)
FN:37,(anonymous_2)
FN:57,(anonymous_3)
FN:64,(anonymous_4)
FN:65,(anonymous_5)
FN:66,(anonymous_6)
FN:82,(anonymous_7)
FN:88,(anonymous_8)
FN:105,(anonymous_9)
FNF:10
FNH:10
FNDA:11,(anonymous_0)
FNDA:1,(anonymous_1)
FNDA:1,(anonymous_2)
FNDA:2,(anonymous_3)
FNDA:39,(anonymous_4)
FNDA:34,(anonymous_5)
FNDA:1,(anonymous_6)
FNDA:1,(anonymous_7)
FNDA:1,(anonymous_8)
FNDA:1,(anonymous_9)
DA:7,1
DA:9,1
DA:10,11
DA:16,11
DA:17,11
DA:18,11
DA:19,11
DA:21,11
DA:22,1
DA:23,1
DA:31,1
DA:32,1
DA:33,1
DA:37,11
DA:38,1
DA:41,11
DA:57,2
DA:64,39
DA:66,34
DA:82,1
DA:88,1
DA:105,1
LF:22
LH:22
BRDA:22,0,0,1
BRDA:22,0,1,0
BRDA:22,1,0,1
BRDA:22,1,1,1
BRDA:98,2,0,11
BRDA:98,2,1,1
BRF:6
BRH:5
end_of_record
TN:
SF:routes\ChatbotChatScreen.js
FN:8,(anonymous_0)
FNF:1
FNH:1
FNDA:4,(anonymous_0)
DA:8,1
DA:9,4
DA:11,4
LF:3
LH:3
BRF:0
BRH:0
end_of_record
TN:
SF:routes\ChatbotMainScreen.js
FN:16,(anonymous_0)
FN:20,(anonymous_1)
FN:70,(anonymous_2)
FN:79,(anonymous_3)
FNF:4
FNH:4
FNDA:4,(anonymous_0)
FNDA:12,(anonymous_1)
FNDA:16,(anonymous_2)
FNDA:1,(anonymous_3)
DA:8,1
DA:14,1
DA:16,1
DA:18,4
DA:20,4
DA:21,12
DA:27,4
DA:70,16
DA:79,1
LF:9
LH:9
BRF:0
BRH:0
end_of_record
TN:
SF:routes\InitialScreen.js
FN:8,(anonymous_0)
FN:21,(anonymous_1)
FNF:2
FNH:2
FNDA:2,(anonymous_0)
FNDA:1,(anonymous_1)
DA:6,1
DA:8,1
DA:9,2
DA:10,2
DA:21,1
LF:5
LH:5
BRF:0
BRH:0
end_of_record
TN:
SF:routes\LoadingScreen.js
FN:8,(anonymous_0)
FN:20,(anonymous_1)
FNF:2
FNH:2
FNDA:1,(anonymous_0)
FNDA:2,(anonymous_1)
DA:4,1
DA:6,1
DA:8,1
DA:9,1
DA:10,0
DA:11,0
DA:13,1
DA:14,1
DA:18,1
DA:20,1
DA:21,2
DA:37,1
LF:12
LH:10
BRDA:9,0,0,0
BRDA:9,0,1,1
BRF:2
BRH:1
end_of_record
TN:
SF:routes\MainMenuScreen.js
FN:41,(anonymous_0)
FN:50,(anonymous_1)
FN:97,(anonymous_2)
FN:121,(anonymous_3)
FN:126,(anonymous_4)
FN:133,(anonymous_5)
FNF:6
FNH:5
FNDA:6,(anonymous_0)
FNDA:1,(anonymous_1)
FNDA:42,(anonymous_2)
FNDA:0,(anonymous_3)
FNDA:1,(anonymous_4)
FNDA:1,(anonymous_5)
DA:8,1
DA:10,1
DA:41,1
DA:42,6
DA:43,6
DA:50,1
DA:98,42
DA:121,0
DA:126,1
DA:133,1
LF:10
LH:9
BRDA:102,0,0,36
BRDA:102,0,1,6
BRDA:103,1,0,24
BRDA:103,1,1,12
BRF:4
BRH:4
end_of_record
TN:
SF:routes\ProfileScreen.js
FN:10,(anonymous_0)
FN:38,(anonymous_1)
FN:47,(anonymous_2)
FN:56,(anonymous_3)
FNF:4
FNH:4
FNDA:4,(anonymous_0)
FNDA:1,(anonymous_1)
FNDA:1,(anonymous_2)
FNDA:1,(anonymous_3)
DA:8,1
DA:10,1
DA:11,4
DA:12,4
DA:38,1
DA:47,1
DA:56,1
LF:7
LH:7
BRF:0
BRH:0
end_of_record
TN:
SF:routes\ProfileScreenSettings.js
FN:10,(anonymous_0)
FN:25,(anonymous_1)
FN:73,(anonymous_2)
FNF:3
FNH:3
FNDA:9,(anonymous_0)
FNDA:1,(anonymous_1)
FNDA:1,(anonymous_2)
DA:8,1
DA:10,1
DA:11,9
DA:12,9
DA:13,9
DA:14,9
DA:16,9
DA:18,9
DA:25,1
DA:73,1
LF:10
LH:10
BRF:0
BRH:0
end_of_record
TN:
SF:routes\SignInScreen.js
FN:10,(anonymous_0)
FN:16,(anonymous_1)
FN:20,(anonymous_2)
FN:24,(anonymous_3)
FN:28,(anonymous_4)
FN:78,(anonymous_5)
FN:85,(anonymous_6)
FN:92,(anonymous_7)
FNF:8
FNH:5
FNDA:8,(anonymous_0)
FNDA:1,(anonymous_1)
FNDA:1,(anonymous_2)
FNDA:2,(anonymous_3)
FNDA:0,(anonymous_4)
FNDA:0,(anonymous_5)
FNDA:0,(anonymous_6)
FNDA:1,(anonymous_7)
DA:8,1
DA:10,1
DA:11,8
DA:12,8
DA:13,8
DA:14,8
DA:16,8
DA:17,1
DA:20,8
DA:21,1
DA:24,8
DA:25,2
DA:28,8
DA:29,0
DA:32,8
DA:78,0
DA:85,0
DA:92,1
LF:18
LH:15
BRDA:60,0,0,1
BRDA:60,0,1,7
BRF:2
BRH:2
end_of_record
TN:
SF:routes\SignUpScreen.js
FN:10,(anonymous_0)
FN:16,(anonymous_1)
FN:20,(anonymous_2)
FN:24,(anonymous_3)
FN:28,(anonymous_4)
FN:79,(anonymous_5)
FN:86,(anonymous_6)
FN:93,(anonymous_7)
FNF:8
FNH:4
FNDA:6,(anonymous_0)
FNDA:1,(anonymous_1)
FNDA:1,(anonymous_2)
FNDA:2,(anonymous_3)
FNDA:0,(anonymous_4)
FNDA:0,(anonymous_5)
FNDA:0,(anonymous_6)
FNDA:0,(anonymous_7)
DA:8,1
DA:10,1
DA:11,6
DA:12,6
DA:13,6
DA:14,6
DA:16,6
DA:17,1
DA:20,6
DA:21,1
DA:24,6
DA:25,2
DA:28,6
DA:29,0
DA:30,0
DA:33,6
DA:79,0
DA:86,0
DA:93,0
LF:19
LH:14
BRDA:61,0,0,1
BRDA:61,0,1,5
BRF:2
BRH:2
end_of_record
